<?xml version="1.0" encoding="UTF-8"?>
<testsuite name="it.unibo.deathnote.TestDeathNote" tests="4" skipped="0" failures="0" errors="0" timestamp="2025-11-16T13:28:29.286Z" hostname="DESKTOP-UREQG55" time="6.583">
  <properties/>
  <testcase name="deathCauseCheck()" classname="it.unibo.deathnote.TestDeathNote" time="0.162"/>
  <testcase name="writeCheck()" classname="it.unibo.deathnote.TestDeathNote" time="0.01"/>
  <testcase name="negativeRulesCheck()" classname="it.unibo.deathnote.TestDeathNote" time="0.002"/>
  <testcase name="deathDetailsCheck()" classname="it.unibo.deathnote.TestDeathNote" time="6.403"/>
  <system-out><![CDATA[]]></system-out>
  <system-err><![CDATA[]]></system-err>
</testsuite>
